<?xml version="1.0" encoding="UTF-8"?>
<!-- Generated by org.testng.reporters.JUnitReportReporter -->
<testsuite hostname="DESKTOP-0F65BGN" failures="0" tests="1" name="tendableTestClasses.MenuButtonAccessibility" time="3.729" errors="0" timestamp="2024-08-11T11:07:39 IST" skipped="0">
  <testcase classname="tendableTestClasses.MenuButtonAccessibility" name="verifyAccessibilityOfWhyTendableButton" time="3.729"/>
  <system-out>
    <![CDATA[----Verifying accessibility of menu button ----]]>
  </system-out>
</testsuite> <!-- tendableTestClasses.MenuButtonAccessibility -->
