<?xml version="1.0" encoding="UTF-8"?>
<!-- Generated by org.testng.reporters.JUnitReportReporter -->
<testsuite hostname="DESKTOP-0F65BGN" failures="0" tests="8" name="tendableTestClasses.TC02_RequestDemoButton" time="29.147" errors="0" timestamp="2024-08-12T12:34:15 IST" skipped="0">
  <testcase classname="tendableTestClasses.TC02_RequestDemoButton" name="VerifyDemoButtonStatusOnOurStoryPage" time="2.083"/>
  <system-out>
    <![CDATA[----Verifying Request Demo Button is presend on our story Page ----]]>
  </system-out>
  <testcase classname="tendableTestClasses.TC02_RequestDemoButton" name="VerifyDemoButtonIsActiveOnOurSolutionPage" time="2.107"/>
  <system-out>
    <![CDATA[----Verify domo button is active on the our solution page----]]>
  </system-out>
  <testcase classname="tendableTestClasses.TC02_RequestDemoButton" name="VerifyDemoButtonIsActiveOnWhyTendablePage" time="7.077"/>
  <system-out>
    <![CDATA[----Verify domo button is active on the why tendable page----]]>
  </system-out>
  <testcase classname="tendableTestClasses.TC02_RequestDemoButton" name="VerifyDemoButtonStatusOnWhyTendablePage" time="1.679"/>
  <system-out>
    <![CDATA[----Verifying Request Demo Button is presend on why Tendable Page ----]]>
  </system-out>
  <testcase classname="tendableTestClasses.TC02_RequestDemoButton" name="VerifyDemoButtonIsActiveOnOurStoryPage" time="8.075"/>
  <system-out>
    <![CDATA[----Verify domo button is active on the our story page----]]>
  </system-out>
  <testcase classname="tendableTestClasses.TC02_RequestDemoButton" name="VerifyDemoButtonStatusOnHomePage" time="2.308"/>
  <system-out>
    <![CDATA[----Verifying Request Demo Button is presend on home Page ----]]>
  </system-out>
  <testcase classname="tendableTestClasses.TC02_RequestDemoButton" name="VerifyDemoButtonStatusOnOurSolutionPage" time="0.171"/>
  <system-out>
    <![CDATA[----Verifying Request Demo Button is presend on our solution Page ----]]>
  </system-out>
  <testcase classname="tendableTestClasses.TC02_RequestDemoButton" name="VerifyDemoButtonIsActiveOnHomePage" time="5.647"/>
  <system-out>
    <![CDATA[----Verify domo button is active on the home page----]]>
  </system-out>
</testsuite> <!-- tendableTestClasses.TC02_RequestDemoButton -->
