<?xml version="1.0" encoding="UTF-8"?>
<!-- Generated by org.testng.reporters.JUnitReportReporter -->
<testsuite hostname="DESKTOP-0F65BGN" failures="0" tests="1" name="baseClasses.BaseClass" time="16.726" errors="0" timestamp="2024-08-09T23:45:31 IST" skipped="0">
  <testcase classname="baseClasses.BaseClass" name="launchBrowser" time="16.726"/>
  <system-out/>
</testsuite> <!-- baseClasses.BaseClass -->
