<?xml version="1.0" encoding="UTF-8"?>
<!-- Generated by org.testng.reporters.JUnitReportReporter -->
<testsuite hostname="DESKTOP-0F65BGN" failures="0" tests="1" name="tendableTestClasses.TC03_ErrorMessageValidation" time="6.089" errors="0" timestamp="2024-08-12T12:34:15 IST" skipped="0">
  <testcase classname="tendableTestClasses.TC03_ErrorMessageValidation" name="validatingErroMessageForContactUsMarkatingFormPage" time="6.089"/>
  <system-out>
    <![CDATA[-------Verifing error message contact us marketing form page]]>
  </system-out>
</testsuite> <!-- tendableTestClasses.TC03_ErrorMessageValidation -->
