<?xml version="1.0" encoding="UTF-8"?>
<!-- Generated by org.testng.reporters.JUnitReportReporter -->
<testsuite hostname="DESKTOP-0F65BGN" failures="0" tests="7" name="tendableTestClasses.TC01_MenuButtonAccessibility" time="22.756" errors="0" timestamp="2024-08-12T12:34:15 IST" skipped="0">
  <testcase classname="tendableTestClasses.TC01_MenuButtonAccessibility" name="verifyAccessibilityOfWhyTendableButton" time="3.799"/>
  <system-out>
    <![CDATA[----Verifying accessibility of why Tendable button ----]]>
  </system-out>
  <testcase classname="tendableTestClasses.TC01_MenuButtonAccessibility" name="verifyAccessibilityOfOurStoryButtonByStatus" time="5.693"/>
  <system-out>
    <![CDATA[----Verifying accessibility of our Story button ----]]>
  </system-out>
  <testcase classname="tendableTestClasses.TC01_MenuButtonAccessibility" name="verifyAccessibilityOfOurSolutionButton" time="0.120"/>
  <system-out>
    <![CDATA[----Verifying accessibility of our solution button ----]]>
  </system-out>
  <testcase classname="tendableTestClasses.TC01_MenuButtonAccessibility" name="verifyAccessibilityOfWhyTendableButtonByStatus" time="5.189"/>
  <system-out>
    <![CDATA[----Verifying accessibility of why Tendable Button ----]]>
  </system-out>
  <testcase classname="tendableTestClasses.TC01_MenuButtonAccessibility" name="verifyAccessibilityOfOurStoryButton" time="5.131"/>
  <system-out>
    <![CDATA[----Verifying accessibility of our story button ----]]>
  </system-out>
  <testcase classname="tendableTestClasses.TC01_MenuButtonAccessibility" name="verifyAccessibilityOfHomeButton" time="2.490"/>
  <system-out>
    <![CDATA[----Verifying accessibility of home button ----]]>
  </system-out>
  <testcase classname="tendableTestClasses.TC01_MenuButtonAccessibility" name="verifyAccessibilityOfOurSolutionButtonByStatus" time="0.334"/>
  <system-out>
    <![CDATA[----Verifying accessibility of our solution button ----]]>
  </system-out>
</testsuite> <!-- tendableTestClasses.TC01_MenuButtonAccessibility -->
